<?xml version="1.0" encoding="UTF-8"?>
<!-- Generated by org.testng.reporters.JUnitReportReporter -->
<testsuite hostname="CLASS02" name="com.softserve.edu.rs.tests.SmokeAppSuiteTest" tests="1" failures="0" timestamp="31 Mar 2016 11:02:10 GMT" time="13.372" errors="0">
  <testcase name="adminLogin1" time="13.372" classname="com.softserve.edu.rs.tests.SmokeAppSuiteTest"/>
</testsuite> <!-- com.softserve.edu.rs.tests.SmokeAppSuiteTest -->
