<?xml version="1.0" encoding="UTF-8"?>
<!-- Generated by org.testng.reporters.JUnitReportReporter -->
<testsuite hostname="CLASS02" name="com.softserve.edu.rs.tests.SmokeTest" tests="2" failures="0" timestamp="30 Mar 2016 07:05:37 GMT" time="34.860" errors="0">
  <testcase name="adminLogin1" time="16.896" classname="com.softserve.edu.rs.tests.SmokeTest"/>
  <testcase name="adminLogin1" time="17.964" classname="com.softserve.edu.rs.tests.SmokeTest"/>
</testsuite> <!-- com.softserve.edu.rs.tests.SmokeTest -->
